<?xml version="1.0" encoding="UTF-8"?>
<!-- Generated by org.testng.reporters.JUnitReportReporter -->
<testsuite name="com.learnautomation.testcases.LoginTestCRM" tests="1" time="10.445" ignored="0" failures="0" timestamp="05 Nov 2019 07:30:57 GMT" skipped="0" hostname="TYSS-4F-35" errors="0">
  <testcase name="loginApp" time="10.445" classname="com.learnautomation.testcases.LoginTestCRM"/>
</testsuite> <!-- com.learnautomation.testcases.LoginTestCRM -->
