<?xml version="1.0" encoding="UTF-8"?>
<!-- Generated by org.testng.reporters.JUnitReportReporter -->
<testsuite ignored="0" hostname="Administrators-MacBook-Pro.local" failures="0" tests="1" name="com.testcases.loginTestMPL" time="75.538" errors="0" timestamp="15 Feb 2020 17:44:30 GMT" skipped="0">
  <testcase classname="com.testcases.loginTestMPL" name="loginPage" time="75.538"/>
</testsuite> <!-- com.testcases.loginTestMPL -->
